ebn0:2.91, esn0:5.92
总码率约为:0.500
Suppose Average Power is: 1
Actual Power is: 1.0000000000000002
EsN0 = 5.920299968573509
temp_fer = 0.95, temp_ber = 0.11335227272727273
temp_fer = 0.925, temp_ber = 0.11141098484848484
temp_fer = 0.9166666666666666, temp_ber = 0.10413510101010101
temp_fer = 0.925, temp_ber = 0.10082859848484849
temp_fer = 0.93, temp_ber = 0.10210227272727272
temp_fer = 0.9166666666666666, temp_ber = 0.10064709595959596
temp_fer = 0.9142857142857143, temp_ber = 0.09944534632034632
temp_fer = 0.90625, temp_ber = 0.09662642045454546
temp_fer = 0.9055555555555556, temp_ber = 0.09530723905723906
temp_fer = 0.915, temp_ber = 0.09681818181818182
temp_fer = 0.9045454545454545, temp_ber = 0.09597968319559229
temp_fer = 0.9, temp_ber = 0.09434185606060606
temp_fer = 0.9, temp_ber = 0.09509032634032634
temp_fer = 0.9035714285714286, temp_ber = 0.09544778138528139
temp_fer = 0.9, temp_ber = 0.09501893939393939
temp_fer = 0.9, temp_ber = 0.09560250946969696
temp_fer = 0.9029411764705882, temp_ber = 0.09651849376114081
temp_fer = 0.9027777777777778, temp_ber = 0.09698547979797979
temp_fer = 0.9078947368421053, temp_ber = 0.0974780701754386
