ebn0:2.91, esn0:5.92
总码率约为:0.500
Suppose Average Power is: 1
Actual Power is: 1.0000000000000002
EsN0 = 5.918799968573509
temp_fer = 0.95, temp_ber = 0.11969696969696969
temp_fer = 0.925, temp_ber = 0.11567234848484849
temp_fer = 0.9166666666666666, temp_ber = 0.10726010101010101
temp_fer = 0.9375, temp_ber = 0.10473484848484849
temp_fer = 0.94, temp_ber = 0.10587121212121212
temp_fer = 0.9333333333333333, temp_ber = 0.10318813131313131
temp_fer = 0.9285714285714286, temp_ber = 0.1016504329004329
temp_fer = 0.91875, temp_ber = 0.09861505681818182
temp_fer = 0.9166666666666666, temp_ber = 0.09719065656565656
temp_fer = 0.925, temp_ber = 0.09846590909090909
temp_fer = 0.9136363636363637, temp_ber = 0.0971849173553719
temp_fer = 0.9041666666666667, temp_ber = 0.0954229797979798
temp_fer = 0.9038461538461539, temp_ber = 0.09556381118881119
temp_fer = 0.9071428571428571, temp_ber = 0.09594832251082251
temp_fer = 0.9033333333333333, temp_ber = 0.0951199494949495
temp_fer = 0.90625, temp_ber = 0.09498697916666667
temp_fer = 0.9088235294117647, temp_ber = 0.09566065062388592
temp_fer = 0.9083333333333333, temp_ber = 0.09612794612794613
temp_fer = 0.9131578947368421, temp_ber = 0.09621212121212121
temp_fer = 0.91, temp_ber = 0.0959469696969697
temp_fer = 0.9119047619047619, temp_ber = 0.09656385281385281
temp_fer = 0.9136363636363637, temp_ber = 0.09639721074380166
temp_fer = 0.9108695652173913, temp_ber = 0.09580451251646904
temp_fer = 0.9083333333333333, temp_ber = 0.09544665404040405
temp_fer = 0.908, temp_ber = 0.09517424242424243
temp_fer = 0.9038461538461539, temp_ber = 0.09456220862470863
temp_fer = 0.9, temp_ber = 0.09411826599326599
temp_fer = 0.9017857142857143, temp_ber = 0.09406791125541125
temp_fer = 0.903448275862069, temp_ber = 0.09435736677115987
temp_fer = 0.9033333333333333, temp_ber = 0.09449810606060606
temp_fer = 0.9032258064516129, temp_ber = 0.09463587487781036
temp_fer = 0.9, temp_ber = 0.09461706912878788
temp_fer = 0.9015151515151515, temp_ber = 0.09458505509641874
temp_fer = 0.9014705882352941, temp_ber = 0.09424019607843137
temp_fer = 0.8985714285714286, temp_ber = 0.09374729437229437
temp_fer = 0.8958333333333334, temp_ber = 0.09347380050505051
temp_fer = 0.8945945945945946, temp_ber = 0.09344799344799345
temp_fer = 0.8960526315789473, temp_ber = 0.093647826953748
temp_fer = 0.8935897435897436, temp_ber = 0.09359217171717171
temp_fer = 0.89625, temp_ber = 0.0941595643939394
temp_fer = 0.8951219512195122, temp_ber = 0.09375692904656319
temp_fer = 0.8976190476190476, temp_ber = 0.09444218975468975
temp_fer = 0.8988372093023256, temp_ber = 0.09461328400281889
temp_fer = 0.8965909090909091, temp_ber = 0.09443009641873278
temp_fer = 0.8966666666666666, temp_ber = 0.09436026936026937
temp_fer = 0.8978260869565218, temp_ber = 0.09464550395256917
temp_fer = 0.8968085106382979, temp_ber = 0.09447533849129594
temp_fer = 0.8958333333333334, temp_ber = 0.09443655303030303
temp_fer = 0.8979591836734694, temp_ber = 0.0944186765615337
temp_fer = 0.897, temp_ber = 0.09430681818181819
fer = 0.897, ber = 0.09430681818181819


