ebn0:3.72, esn0:6.73
总码率约为:0.500
Suppose Average Power is: 1
Actual Power is: 1.0000000000000002
EsN0 = 6.727299968573509
temp_fer = 0.5, temp_ber = 0.04081439393939394
temp_fer = 0.325, temp_ber = 0.02784090909090909
temp_fer = 0.26666666666666666, temp_ber = 0.021464646464646464
temp_fer = 0.2375, temp_ber = 0.017163825757575756
temp_fer = 0.26, temp_ber = 0.01875
temp_fer = 0.25, temp_ber = 0.018213383838383838
temp_fer = 0.24285714285714285, temp_ber = 0.01765422077922078
temp_fer = 0.2375, temp_ber = 0.017140151515151514
temp_fer = 0.23333333333333334, temp_ber = 0.016750841750841752
temp_fer = 0.225, temp_ber = 0.016089015151515153
temp_fer = 0.21818181818181817, temp_ber = 0.01574552341597796
temp_fer = 0.20416666666666666, temp_ber = 0.014962121212121211
temp_fer = 0.20384615384615384, temp_ber = 0.015107808857808857
temp_fer = 0.20714285714285716, temp_ber = 0.015604707792207793
temp_fer = 0.20333333333333334, temp_ber = 0.015467171717171718
temp_fer = 0.209375, temp_ber = 0.015743371212121212
temp_fer = 0.21764705882352942, temp_ber = 0.01645499108734403
temp_fer = 0.22777777777777777, temp_ber = 0.017240109427609427
temp_fer = 0.23157894736842105, temp_ber = 0.01762360446570973
temp_fer = 0.2325, temp_ber = 0.01752840909090909
temp_fer = 0.23809523809523808, temp_ber = 0.01764520202020202
temp_fer = 0.2431818181818182, temp_ber = 0.017949380165289255
temp_fer = 0.2391304347826087, temp_ber = 0.017807147562582344
temp_fer = 0.23541666666666666, temp_ber = 0.017369002525252527
temp_fer = 0.236, temp_ber = 0.017056818181818183
temp_fer = 0.23653846153846153, temp_ber = 0.017070949883449885
temp_fer = 0.23333333333333334, temp_ber = 0.016870089786756453
temp_fer = 0.23214285714285715, temp_ber = 0.016585497835497835
temp_fer = 0.23620689655172414, temp_ber = 0.01696055381400209
temp_fer = 0.23833333333333334, temp_ber = 0.017007575757575756
temp_fer = 0.24193548387096775, temp_ber = 0.017292888563049853
temp_fer = 0.24375, temp_ber = 0.017450875946969698
temp_fer = 0.24545454545454545, temp_ber = 0.0175017217630854
temp_fer = 0.24705882352941178, temp_ber = 0.017569073083778967
temp_fer = 0.24571428571428572, temp_ber = 0.017394480519480518
temp_fer = 0.24444444444444444, temp_ber = 0.01718486952861953
temp_fer = 0.24864864864864866, temp_ber = 0.01709408271908272
temp_fer = 0.24473684210526317, temp_ber = 0.016741427432216904
temp_fer = 0.24743589743589745, temp_ber = 0.016868201243201243
temp_fer = 0.25, temp_ber = 0.017104640151515152
temp_fer = 0.2451219512195122, temp_ber = 0.016726718403547673
temp_fer = 0.24642857142857144, temp_ber = 0.01691919191919192
temp_fer = 0.24767441860465117, temp_ber = 0.017012420718816066
temp_fer = 0.24772727272727274, temp_ber = 0.016836690771349864
temp_fer = 0.24555555555555555, temp_ber = 0.01682449494949495
temp_fer = 0.24456521739130435, temp_ber = 0.016621376811594202
temp_fer = 0.24361702127659574, temp_ber = 0.016616295938104448
temp_fer = 0.24270833333333333, temp_ber = 0.016642992424242425
temp_fer = 0.24387755102040817, temp_ber = 0.016693722943722945
temp_fer = 0.243, temp_ber = 0.016668560606060607
fer = 0.243, ber = 0.016668560606060607


