ebn0:2.07, esn0:5.08
总码率约为:0.500
Suppose Average Power is: 1
Actual Power is: 1.0000000000000002
EsN0 = 5.080299968573509
temp_fer = 1.0, temp_ber = 0.16865530303030302
temp_fer = 1.0, temp_ber = 0.16117424242424241
temp_fer = 1.0, temp_ber = 0.1594381313131313
temp_fer = 1.0, temp_ber = 0.15643939393939393
temp_fer = 1.0, temp_ber = 0.1549810606060606
temp_fer = 1.0, temp_ber = 0.15509785353535355
temp_fer = 1.0, temp_ber = 0.15384199134199134
temp_fer = 1.0, temp_ber = 0.153515625
temp_fer = 1.0, temp_ber = 0.15270412457912458
temp_fer = 1.0, temp_ber = 0.1534185606060606
temp_fer = 1.0, temp_ber = 0.1524793388429752
temp_fer = 1.0, temp_ber = 0.15126262626262627
temp_fer = 1.0, temp_ber = 0.15118006993006994
temp_fer = 1.0, temp_ber = 0.15195481601731603
temp_fer = 1.0, temp_ber = 0.15162247474747476
temp_fer = 1.0, temp_ber = 0.15221946022727273
temp_fer = 1.0, temp_ber = 0.15242869875222817
temp_fer = 1.0, temp_ber = 0.1527672558922559
temp_fer = 1.0, temp_ber = 0.1527511961722488
temp_fer = 1.0, temp_ber = 0.15252367424242425
temp_fer = 1.0, temp_ber = 0.1528814935064935
temp_fer = 1.0, temp_ber = 0.15260416666666668
temp_fer = 1.0, temp_ber = 0.15224390645586297
temp_fer = 1.0, temp_ber = 0.15241082702020203
temp_fer = 1.0, temp_ber = 0.15253787878787878
temp_fer = 1.0, temp_ber = 0.15251675407925408
temp_fer = 1.0, temp_ber = 0.15259539842873177
temp_fer = 1.0, temp_ber = 0.15242491883116882
temp_fer = 1.0, temp_ber = 0.1524425287356322
temp_fer = 1.0, temp_ber = 0.15255681818181818
temp_fer = 1.0, temp_ber = 0.15260874877810363
temp_fer = 1.0, temp_ber = 0.1524887547348485
temp_fer = 1.0, temp_ber = 0.15241333792470155
temp_fer = 1.0, temp_ber = 0.1520944741532977
temp_fer = 0.9985714285714286, temp_ber = 0.15173430735930735
temp_fer = 0.9986111111111111, temp_ber = 0.15174400252525252
temp_fer = 0.9986486486486487, temp_ber = 0.15177620802620803
temp_fer = 0.9986842105263158, temp_ber = 0.15197119218500799
temp_fer = 0.9987179487179487, temp_ber = 0.15204691142191143
temp_fer = 0.99875, temp_ber = 0.15226089015151514
temp_fer = 0.998780487804878, temp_ber = 0.15224732076866224
temp_fer = 0.9988095238095238, temp_ber = 0.15252525252525254
temp_fer = 0.9988372093023256, temp_ber = 0.15254800916138125
temp_fer = 0.9988636363636364, temp_ber = 0.15267303719008266
temp_fer = 0.9977777777777778, temp_ber = 0.15251262626262627
temp_fer = 0.9978260869565218, temp_ber = 0.15260004940711464
temp_fer = 0.997872340425532, temp_ber = 0.15252861057382333
temp_fer = 0.9979166666666667, temp_ber = 0.1525134154040404
temp_fer = 0.9979591836734694, temp_ber = 0.15255681818181818
temp_fer = 0.998, temp_ber = 0.15252083333333333
fer = 0.998, ber = 0.15252083333333333


