ebn0:3.15, esn0:6.16
总码率约为:0.500
Suppose Average Power is: 1
Actual Power is: 1.0000000000000002
EsN0 = 6.155299968573509
temp_fer = 0.85, temp_ber = 0.09176136363636364
temp_fer = 0.775, temp_ber = 0.08517992424242424
temp_fer = 0.75, temp_ber = 0.07809343434343434
temp_fer = 0.775, temp_ber = 0.07798295454545455
temp_fer = 0.81, temp_ber = 0.0818939393939394
temp_fer = 0.8083333333333333, temp_ber = 0.08011363636363636
temp_fer = 0.8071428571428572, temp_ber = 0.07890963203463204
temp_fer = 0.76875, temp_ber = 0.0755563446969697
temp_fer = 0.7555555555555555, temp_ber = 0.07389520202020201
temp_fer = 0.775, temp_ber = 0.07543560606060606
temp_fer = 0.7636363636363637, temp_ber = 0.0740616391184573
temp_fer = 0.75, temp_ber = 0.07132260101010102
temp_fer = 0.7538461538461538, temp_ber = 0.07108100233100233
temp_fer = 0.7571428571428571, temp_ber = 0.07193587662337662
temp_fer = 0.7566666666666667, temp_ber = 0.0707449494949495
temp_fer = 0.759375, temp_ber = 0.07122987689393939
temp_fer = 0.7676470588235295, temp_ber = 0.07191399286987522
temp_fer = 0.7694444444444445, temp_ber = 0.07272727272727272
temp_fer = 0.781578947368421, temp_ber = 0.07298644338118022
temp_fer = 0.7825, temp_ber = 0.07288825757575758
temp_fer = 0.7904761904761904, temp_ber = 0.07361111111111111
temp_fer = 0.7840909090909091, temp_ber = 0.07301136363636364
temp_fer = 0.7847826086956522, temp_ber = 0.07255023056653491
temp_fer = 0.7854166666666667, temp_ber = 0.07249842171717172
temp_fer = 0.786, temp_ber = 0.07224242424242425
temp_fer = 0.7788461538461539, temp_ber = 0.07155084498834499
temp_fer = 0.7703703703703704, temp_ber = 0.07092452300785634
temp_fer = 0.7678571428571429, temp_ber = 0.07063717532467532
temp_fer = 0.7689655172413793, temp_ber = 0.07089864158829676
temp_fer = 0.765, temp_ber = 0.07061868686868687
temp_fer = 0.7693548387096775, temp_ber = 0.0709280303030303
temp_fer = 0.76875, temp_ber = 0.07076526988636364
temp_fer = 0.7681818181818182, temp_ber = 0.07084481175390266
temp_fer = 0.7691176470588236, temp_ber = 0.07071635472370766
temp_fer = 0.7628571428571429, temp_ber = 0.07021374458874459
temp_fer = 0.7597222222222222, temp_ber = 0.06988636363636364
temp_fer = 0.7594594594594595, temp_ber = 0.07008855446355447
temp_fer = 0.7592105263157894, temp_ber = 0.07003588516746412
temp_fer = 0.7589743589743589, temp_ber = 0.07016317016317017
temp_fer = 0.7625, temp_ber = 0.07064867424242424
temp_fer = 0.7597560975609756, temp_ber = 0.07014735772357723
temp_fer = 0.763095238095238, temp_ber = 0.07060560966810966
temp_fer = 0.763953488372093, temp_ber = 0.07067697322057787
temp_fer = 0.7613636363636364, temp_ber = 0.07050619834710743
temp_fer = 0.7622222222222222, temp_ber = 0.07049452861952862
temp_fer = 0.7641304347826087, temp_ber = 0.07052248023715416
temp_fer = 0.7617021276595745, temp_ber = 0.07036992263056092
temp_fer = 0.759375, temp_ber = 0.07032039141414141
temp_fer = 0.7591836734693878, temp_ber = 0.07021876932591219
temp_fer = 0.758, temp_ber = 0.07028219696969697
fer = 0.758, ber = 0.07028219696969697


