ebn0:3.97, esn0:6.98
总码率约为:0.500
Suppose Average Power is: 1
Actual Power is: 1.0000000000000002
EsN0 = 6.984299968573509
temp_fer = 0.1, temp_ber = 0.008712121212121213
temp_fer = 0.1, temp_ber = 0.008901515151515152
temp_fer = 0.11666666666666667, temp_ber = 0.007291666666666667
temp_fer = 0.1, temp_ber = 0.00634469696969697
temp_fer = 0.1, temp_ber = 0.005833333333333334
temp_fer = 0.1, temp_ber = 0.006439393939393939
temp_fer = 0.09285714285714286, temp_ber = 0.0061147186147186144
temp_fer = 0.09375, temp_ber = 0.006463068181818182
temp_fer = 0.08888888888888889, temp_ber = 0.005839646464646465
temp_fer = 0.085, temp_ber = 0.005833333333333334
temp_fer = 0.08181818181818182, temp_ber = 0.005561294765840221
temp_fer = 0.075, temp_ber = 0.005097853535353535
temp_fer = 0.07307692307692308, temp_ber = 0.005026223776223776
temp_fer = 0.075, temp_ber = 0.004856601731601732
temp_fer = 0.07, temp_ber = 0.0045328282828282825
temp_fer = 0.078125, temp_ber = 0.004853219696969697
temp_fer = 0.07647058823529412, temp_ber = 0.004690285204991087
temp_fer = 0.08055555555555556, temp_ber = 0.004997895622895623
temp_fer = 0.07894736842105263, temp_ber = 0.004924242424242424
temp_fer = 0.0825, temp_ber = 0.004910037878787879
temp_fer = 0.0880952380952381, temp_ber = 0.005095598845598846
temp_fer = 0.09318181818181819, temp_ber = 0.005298725895316804
temp_fer = 0.09347826086956522, temp_ber = 0.005459486166007905
temp_fer = 0.08958333333333333, temp_ber = 0.005232007575757576
temp_fer = 0.088, temp_ber = 0.005026515151515152
temp_fer = 0.08846153846153847, temp_ber = 0.004957022144522144
temp_fer = 0.08703703703703704, temp_ber = 0.004966329966329966
temp_fer = 0.08571428571428572, temp_ber = 0.0048464556277056274
temp_fer = 0.08620689655172414, temp_ber = 0.005002612330198537
temp_fer = 0.08666666666666667, temp_ber = 0.005078914141414141
temp_fer = 0.08870967741935484, temp_ber = 0.00511669110459433
temp_fer = 0.0890625, temp_ber = 0.005220170454545455
temp_fer = 0.08787878787878788, temp_ber = 0.005202594123048668
temp_fer = 0.08823529411764706, temp_ber = 0.00518048128342246
temp_fer = 0.08714285714285715, temp_ber = 0.005119047619047619
temp_fer = 0.08611111111111111, temp_ber = 0.005047874579124579
temp_fer = 0.08513513513513514, temp_ber = 0.00492936117936118
temp_fer = 0.08289473684210526, temp_ber = 0.004799641148325359
temp_fer = 0.08461538461538462, temp_ber = 0.004773698523698524
temp_fer = 0.08625, temp_ber = 0.004971590909090909
temp_fer = 0.08414634146341464, temp_ber = 0.004850332594235033
temp_fer = 0.08452380952380953, temp_ber = 0.004942279942279942
temp_fer = 0.08604651162790698, temp_ber = 0.005012332628611699
temp_fer = 0.08522727272727272, temp_ber = 0.004919938016528925
temp_fer = 0.08555555555555555, temp_ber = 0.005016835016835017
temp_fer = 0.08369565217391305, temp_ber = 0.004907773386034256
temp_fer = 0.0851063829787234, temp_ber = 0.004922227595099936
temp_fer = 0.08645833333333333, temp_ber = 0.005109690656565657
temp_fer = 0.08673469387755102, temp_ber = 0.005173546691403835
temp_fer = 0.087, temp_ber = 0.005223484848484849
temp_fer = 0.08823529411764706, temp_ber = 0.005340166369578134
temp_fer = 0.08942307692307692, temp_ber = 0.005352199883449884
temp_fer = 0.08962264150943396, temp_ber = 0.005392367066895369
temp_fer = 0.08981481481481482, temp_ber = 0.00539246632996633
temp_fer = 0.09, temp_ber = 0.005464876033057851
fer = 0.09066183136899365, ber = 0.0055049589274430615


run time: 0:07:56.377828
