ebn0:4.00, esn0:10.02
总码率约为:0.667
Suppose Average Power is: 1
Actual Power is: 0.9999996301635004
EsN0 = 10.020599427272519
temp_fer = 1.0, temp_ber = 0.23259943181818182
temp_fer = 1.0, temp_ber = 0.23501420454545455
temp_fer = 1.0, temp_ber = 0.23420928030303031
temp_fer = 1.0, temp_ber = 0.23373579545454545
temp_fer = 1.0, temp_ber = 0.23386363636363636
temp_fer = 1.0, temp_ber = 0.23373579545454545
temp_fer = 1.0, temp_ber = 0.23392857142857143
temp_fer = 1.0, temp_ber = 0.23344282670454544
temp_fer = 1.0, temp_ber = 0.23373579545454545
temp_fer = 1.0, temp_ber = 0.23369318181818183
temp_fer = 1.0, temp_ber = 0.23382618801652894
temp_fer = 1.0, temp_ber = 0.23406723484848485
temp_fer = 1.0, temp_ber = 0.23381228146853147
temp_fer = 1.0, temp_ber = 0.23409598214285715
temp_fer = 1.0, temp_ber = 0.23436079545454547
temp_fer = 1.0, temp_ber = 0.23427734375
temp_fer = 1.0, temp_ber = 0.23408255347593582
temp_fer = 1.0, temp_ber = 0.23394886363636364
temp_fer = 1.0, temp_ber = 0.23382550837320573
temp_fer = 1.0, temp_ber = 0.23384232954545456
temp_fer = 1.0, temp_ber = 0.23395900974025974
temp_fer = 1.0, temp_ber = 0.23384555785123967
temp_fer = 1.0, temp_ber = 0.23384078557312252
temp_fer = 1.0, temp_ber = 0.23409386837121213
temp_fer = 1.0, temp_ber = 0.2341193181818182
temp_fer = 1.0, temp_ber = 0.23401715472027973
temp_fer = 1.0, temp_ber = 0.23416193181818182
temp_fer = 1.0, temp_ber = 0.23412388392857142
temp_fer = 1.0, temp_ber = 0.23421581112852666
temp_fer = 1.0, temp_ber = 0.23421401515151516
temp_fer = 1.0, temp_ber = 0.23426502932551319
temp_fer = 1.0, temp_ber = 0.23423961292613638
temp_fer = 1.0, temp_ber = 0.23421143250688706
temp_fer = 1.0, temp_ber = 0.23415357620320856
temp_fer = 1.0, temp_ber = 0.23410714285714285
temp_fer = 1.0, temp_ber = 0.2342605744949495
temp_fer = 1.0, temp_ber = 0.23442490786240786
temp_fer = 1.0, temp_ber = 0.2344348086124402
temp_fer = 1.0, temp_ber = 0.23430944055944056
temp_fer = 1.0, temp_ber = 0.2343927556818182
temp_fer = 1.0, temp_ber = 0.2344702743902439
temp_fer = 1.0, temp_ber = 0.2343969832251082
temp_fer = 1.0, temp_ber = 0.23429737050739957
temp_fer = 1.0, temp_ber = 0.23417645919421487
temp_fer = 1.0, temp_ber = 0.2341635101010101
temp_fer = 1.0, temp_ber = 0.23424067440711463
temp_fer = 1.0, temp_ber = 0.23426468810444875
temp_fer = 1.0, temp_ber = 0.2341708096590909
temp_fer = 1.0, temp_ber = 0.23420976345083488
temp_fer = 1.0, temp_ber = 0.23421306818181817
fer = 1.0, ber = 0.23421306818181817


