开始仿真几何整形的性能
ebn0:4.00, esn0:7.01
总码率约为:0.500
Suppose Average Power is: 1
Actual Power is: 1.0000000628131644
EsN0 = 7.010299968573509
temp_fer = 0.1, temp_ber = 0.003503787878787879,total_frame=20
temp_fer = 0.075, temp_ber = 0.002556818181818182,total_frame=40
temp_fer = 0.08333333333333333, temp_ber = 0.0029987373737373735,total_frame=60
temp_fer = 0.0875, temp_ber = 0.002840909090909091,total_frame=80
temp_fer = 0.1, temp_ber = 0.0035984848484848487,total_frame=100
temp_fer = 0.1, temp_ber = 0.0035353535353535356,total_frame=120
temp_fer = 0.09285714285714286, temp_ber = 0.0031385281385281384,total_frame=140
temp_fer = 0.0875, temp_ber = 0.002864583333333333,total_frame=160
temp_fer = 0.08333333333333333, temp_ber = 0.00272516835016835,total_frame=180
temp_fer = 0.08, temp_ber = 0.0025,total_frame=200
temp_fer = 0.08181818181818182, temp_ber = 0.0025137741046831956,total_frame=220
temp_fer = 0.075, temp_ber = 0.0023042929292929294,total_frame=240
temp_fer = 0.08076923076923077, temp_ber = 0.0024111305361305363,total_frame=260
temp_fer = 0.08214285714285714, temp_ber = 0.0025703463203463205,total_frame=280
temp_fer = 0.07666666666666666, temp_ber = 0.002398989898989899,total_frame=300
temp_fer = 0.075, temp_ber = 0.002497632575757576,total_frame=320
temp_fer = 0.07647058823529412, temp_ber = 0.0026348039215686276,total_frame=340
temp_fer = 0.07777777777777778, temp_ber = 0.002640993265993266,total_frame=360
temp_fer = 0.07894736842105263, temp_ber = 0.0026515151515151517,total_frame=380
temp_fer = 0.0775, temp_ber = 0.0026704545454545453,total_frame=400
temp_fer = 0.08333333333333333, temp_ber = 0.003088924963924964,total_frame=420
temp_fer = 0.08409090909090909, temp_ber = 0.003103477961432507,total_frame=440
temp_fer = 0.08043478260869565, temp_ber = 0.002968544137022398,total_frame=460
temp_fer = 0.07708333333333334, temp_ber = 0.002844854797979798,total_frame=480
temp_fer = 0.078, temp_ber = 0.002875,total_frame=500
temp_fer = 0.07692307692307693, temp_ber = 0.0027826340326340326,total_frame=520
temp_fer = 0.07407407407407407, temp_ber = 0.002679573512906846,total_frame=540
temp_fer = 0.07321428571428572, temp_ber = 0.002644751082251082,total_frame=560
temp_fer = 0.07413793103448275, temp_ber = 0.0026221264367816094,total_frame=580
temp_fer = 0.07666666666666666, temp_ber = 0.0026799242424242423,total_frame=600
temp_fer = 0.07580645161290323, temp_ber = 0.002642350928641251,total_frame=620
temp_fer = 0.0734375, temp_ber = 0.002559777462121212,total_frame=640
temp_fer = 0.07272727272727272, temp_ber = 0.0024936868686868687,total_frame=660
temp_fer = 0.07058823529411765, temp_ber = 0.002420343137254902,total_frame=680
temp_fer = 0.07142857142857142, temp_ber = 0.0024404761904761904,total_frame=700
temp_fer = 0.07083333333333333, temp_ber = 0.002425294612794613,total_frame=720
temp_fer = 0.07027027027027027, temp_ber = 0.002446764946764947,total_frame=740
temp_fer = 0.07105263157894737, temp_ber = 0.002541866028708134,total_frame=760
temp_fer = 0.07179487179487179, temp_ber = 0.002542249417249417,total_frame=780
temp_fer = 0.0725, temp_ber = 0.0025118371212121213,total_frame=800
temp_fer = 0.07317073170731707, temp_ber = 0.002473669623059867,total_frame=820
temp_fer = 0.07142857142857142, temp_ber = 0.002414772727272727,total_frame=840
temp_fer = 0.06976744186046512, temp_ber = 0.002358615221987315,total_frame=860
temp_fer = 0.06818181818181818, temp_ber = 0.0023050103305785126,total_frame=880
temp_fer = 0.06666666666666667, temp_ber = 0.002253787878787879,total_frame=900
temp_fer = 0.06521739130434782, temp_ber = 0.002204792490118577,total_frame=920
temp_fer = 0.06382978723404255, temp_ber = 0.0021578820116054157,total_frame=940
temp_fer = 0.06458333333333334, temp_ber = 0.002164220328282828,total_frame=960
temp_fer = 0.06326530612244897, temp_ber = 0.002120052566481138,total_frame=980
temp_fer = 0.063, temp_ber = 0.0021325757575757576,total_frame=1000
temp_fer = 0.06274509803921569, temp_ber = 0.0021408942364824716,total_frame=1020
temp_fer = 0.06346153846153846, temp_ber = 0.0021416083916083917,total_frame=1040
temp_fer = 0.062264150943396226, temp_ber = 0.0021012006861063463,total_frame=1060
temp_fer = 0.06296296296296296, temp_ber = 0.0020815796857463526,total_frame=1080
temp_fer = 0.06363636363636363, temp_ber = 0.0020988292011019285,total_frame=1100
temp_fer = 0.06428571428571428, temp_ber = 0.0020900974025974024,total_frame=1120
temp_fer = 0.06315789473684211, temp_ber = 0.0020534290271132377,total_frame=1140
temp_fer = 0.06379310344827586, temp_ber = 0.0021176201671891325,total_frame=1160
temp_fer = 0.06271186440677966, temp_ber = 0.002081728299948639,total_frame=1180
temp_fer = 0.06333333333333334, temp_ber = 0.002078598484848485,total_frame=1200
temp_fer = 0.06311475409836066, temp_ber = 0.002066256830601093,total_frame=1220
temp_fer = 0.06290322580645161, temp_ber = 0.0020451490713587488,total_frame=1240
temp_fer = 0.06349206349206349, temp_ber = 0.002023208273208273,total_frame=1260
temp_fer = 0.06328125, temp_ber = 0.0020049124053030305,total_frame=1280
temp_fer = 0.06307692307692307, temp_ber = 0.002011946386946387,total_frame=1300
temp_fer = 0.0659090909090909, temp_ber = 0.002060376492194674,total_frame=1320
temp_fer = 0.06492537313432836, temp_ber = 0.00202962460425147,total_frame=1340
temp_fer = 0.06470588235294118, temp_ber = 0.0020109180035650623,total_frame=1360
temp_fer = 0.0644927536231884, temp_ber = 0.001996870882740448,total_frame=1380
temp_fer = 0.06571428571428571, temp_ber = 0.002002164502164502,total_frame=1400
temp_fer = 0.0647887323943662, temp_ber = 0.0019739650021340163,total_frame=1420
temp_fer = 0.06527777777777778, temp_ber = 0.001970223063973064,total_frame=1440
temp_fer = 0.06575342465753424, temp_ber = 0.001991230801162308,total_frame=1460
temp_fer = 0.06689189189189189, temp_ber = 0.0020487817362817365,total_frame=1480
EsN0 = 7.010299968573509, EbN0 = 4.0, FER = 0.06743088334457181, BER = 0.0020867815035043626


run time: 0:10:12.997359
