开始仿真普通QAM的性能
ebn0:3.69, esn0:6.70
总码率约为:0.500
Suppose Average Power is: 1
Actual Power is: 1.0000000000000002
EsN0 = 6.700000011933697
temp_fer = 0.45, temp_ber = 0.03446969696969697,total_frame=20
temp_fer = 0.3, temp_ber = 0.023200757575757576,total_frame=40
temp_fer = 0.25, temp_ber = 0.018907828282828283,total_frame=60
temp_fer = 0.2375, temp_ber = 0.01553030303030303,total_frame=80
temp_fer = 0.26, temp_ber = 0.017897727272727273,total_frame=100
temp_fer = 0.25833333333333336, temp_ber = 0.01867108585858586,total_frame=120
temp_fer = 0.25, temp_ber = 0.017613636363636363,total_frame=140
temp_fer = 0.24375, temp_ber = 0.01764914772727273,total_frame=160
temp_fer = 0.2388888888888889, temp_ber = 0.017066498316498317,total_frame=180
temp_fer = 0.23, temp_ber = 0.016619318181818183,total_frame=200
temp_fer = 0.22727272727272727, temp_ber = 0.016330922865013774,total_frame=220
temp_fer = 0.2125, temp_ber = 0.015467171717171718,total_frame=240
temp_fer = 0.2076923076923077, temp_ber = 0.015158799533799533,total_frame=260
temp_fer = 0.22142857142857142, temp_ber = 0.01617288961038961,total_frame=280
temp_fer = 0.21666666666666667, temp_ber = 0.015845959595959597,total_frame=300
temp_fer = 0.221875, temp_ber = 0.016258285984848485,total_frame=320
temp_fer = 0.22941176470588234, temp_ber = 0.016950757575757577,total_frame=340
temp_fer = 0.2361111111111111, temp_ber = 0.017576809764309764,total_frame=360
temp_fer = 0.2394736842105263, temp_ber = 0.017783094098883574,total_frame=380
temp_fer = 0.2425, temp_ber = 0.017670454545454545,total_frame=400
temp_fer = 0.2523809523809524, temp_ber = 0.018141233766233767,total_frame=420
temp_fer = 0.26136363636363635, temp_ber = 0.018900654269972453,total_frame=440
temp_fer = 0.2565217391304348, temp_ber = 0.01840415019762846,total_frame=460
temp_fer = 0.25416666666666665, temp_ber = 0.01817392676767677,total_frame=480
temp_fer = 0.256, temp_ber = 0.01812121212121212,total_frame=500
temp_fer = 0.25769230769230766, temp_ber = 0.01807255244755245,total_frame=520
temp_fer = 0.2518518518518518, temp_ber = 0.017771464646464646,total_frame=540
temp_fer = 0.25535714285714284, temp_ber = 0.017657602813852813,total_frame=560
temp_fer = 0.25862068965517243, temp_ber = 0.01812630616509927,total_frame=580
temp_fer = 0.26, temp_ber = 0.018339646464646465,total_frame=600
temp_fer = 0.2645161290322581, temp_ber = 0.01853311339198436,total_frame=620
temp_fer = 0.2625, temp_ber = 0.018409682765151515,total_frame=640
temp_fer = 0.2636363636363636, temp_ber = 0.018586432506887053,total_frame=660
temp_fer = 0.2647058823529412, temp_ber = 0.018672014260249555,total_frame=680
temp_fer = 0.26285714285714284, temp_ber = 0.018460497835497837,total_frame=700
temp_fer = 0.2611111111111111, temp_ber = 0.01819234006734007,total_frame=720
temp_fer = 0.26216216216216215, temp_ber = 0.018176699426699427,total_frame=740
temp_fer = 0.2618421052631579, temp_ber = 0.018092105263157895,total_frame=760
temp_fer = 0.2653846153846154, temp_ber = 0.018312937062937063,total_frame=780
temp_fer = 0.26625, temp_ber = 0.01844933712121212,total_frame=800
temp_fer = 0.26097560975609757, temp_ber = 0.0180339985218034,total_frame=820
temp_fer = 0.2619047619047619, temp_ber = 0.01830131673881674,total_frame=840
temp_fer = 0.2627906976744186, temp_ber = 0.018349189570119804,total_frame=860
temp_fer = 0.2625, temp_ber = 0.01827651515151515,total_frame=880
temp_fer = 0.26, temp_ber = 0.0182260101010101,total_frame=900
temp_fer = 0.2597826086956522, temp_ber = 0.018074769433465084,total_frame=920
temp_fer = 0.25851063829787235, temp_ber = 0.01798436492585429,total_frame=940
temp_fer = 0.25729166666666664, temp_ber = 0.017956912878787878,total_frame=960
temp_fer = 0.25816326530612244, temp_ber = 0.01804460420531849,total_frame=980
temp_fer = 0.257, temp_ber = 0.018077651515151515,total_frame=1000
EsN0 = 6.700000011933697, EbN0 = 3.689700043360188, FER = 0.257, BER = 0.018077651515151515


current step run time: 0:09:44.490386
开始仿真普通QAM的性能
ebn0:3.79, esn0:6.80
总码率约为:0.500
Suppose Average Power is: 1
Actual Power is: 1.0000000000000002
EsN0 = 6.800000011933697
temp_fer = 0.25, temp_ber = 0.01534090909090909,total_frame=20
temp_fer = 0.25, temp_ber = 0.012452651515151516,total_frame=40
temp_fer = 0.23333333333333334, temp_ber = 0.011931818181818182,total_frame=60
temp_fer = 0.2125, temp_ber = 0.011553030303030303,total_frame=80
temp_fer = 0.21, temp_ber = 0.01231060606060606,total_frame=100
temp_fer = 0.2, temp_ber = 0.01204229797979798,total_frame=120
temp_fer = 0.19285714285714287, temp_ber = 0.011904761904761904,total_frame=140
temp_fer = 0.19375, temp_ber = 0.012322443181818183,total_frame=160
temp_fer = 0.18333333333333332, temp_ber = 0.01198442760942761,total_frame=180
temp_fer = 0.21, temp_ber = 0.013304924242424243,total_frame=200
temp_fer = 0.21818181818181817, temp_ber = 0.014462809917355372,total_frame=220
temp_fer = 0.21666666666666667, temp_ber = 0.014322916666666666,total_frame=240
temp_fer = 0.21923076923076923, temp_ber = 0.014037004662004662,total_frame=260
temp_fer = 0.22142857142857142, temp_ber = 0.013988095238095239,total_frame=280
temp_fer = 0.22, temp_ber = 0.014053030303030303,total_frame=300
temp_fer = 0.225, temp_ber = 0.01434659090909091,total_frame=320
temp_fer = 0.22058823529411764, temp_ber = 0.014098707664884136,total_frame=340
temp_fer = 0.225, temp_ber = 0.01442550505050505,total_frame=360
temp_fer = 0.2236842105263158, temp_ber = 0.014548444976076555,total_frame=380
temp_fer = 0.2175, temp_ber = 0.014005681818181818,total_frame=400
temp_fer = 0.22142857142857142, temp_ber = 0.014024170274170274,total_frame=420
temp_fer = 0.21818181818181817, temp_ber = 0.013886019283746557,total_frame=440
temp_fer = 0.21521739130434783, temp_ber = 0.013578722002635046,total_frame=460
temp_fer = 0.21458333333333332, temp_ber = 0.013865214646464646,total_frame=480
temp_fer = 0.208, temp_ber = 0.013511363636363636,total_frame=500
temp_fer = 0.20576923076923076, temp_ber = 0.013181089743589744,total_frame=520
temp_fer = 0.2074074074074074, temp_ber = 0.013271604938271606,total_frame=540
temp_fer = 0.2017857142857143, temp_ber = 0.012801001082251082,total_frame=560
temp_fer = 0.20344827586206896, temp_ber = 0.012888584117032392,total_frame=580
temp_fer = 0.205, temp_ber = 0.013260732323232324,total_frame=600
temp_fer = 0.2064516129032258, temp_ber = 0.013230083088954056,total_frame=620
temp_fer = 0.2140625, temp_ber = 0.013719223484848485,total_frame=640
temp_fer = 0.2106060606060606, temp_ber = 0.013469926538108357,total_frame=660
temp_fer = 0.2088235294117647, temp_ber = 0.013218582887700534,total_frame=680
temp_fer = 0.2042857142857143, temp_ber = 0.012865259740259741,total_frame=700
temp_fer = 0.20555555555555555, temp_ber = 0.012873526936026936,total_frame=720
temp_fer = 0.20405405405405405, temp_ber = 0.012876228501228501,total_frame=740
temp_fer = 0.2026315789473684, temp_ber = 0.012848883572567783,total_frame=760
temp_fer = 0.2012820512820513, temp_ber = 0.012842365967365967,total_frame=780
temp_fer = 0.20125, temp_ber = 0.012769886363636363,total_frame=800
temp_fer = 0.2, temp_ber = 0.01278409090909091,total_frame=820
temp_fer = 0.2011904761904762, temp_ber = 0.012838203463203463,total_frame=840
temp_fer = 0.19883720930232557, temp_ber = 0.01265415785764623,total_frame=860
temp_fer = 0.19772727272727272, temp_ber = 0.012685089531680441,total_frame=880
temp_fer = 0.19666666666666666, temp_ber = 0.012649410774410775,total_frame=900
temp_fer = 0.1967391304347826, temp_ber = 0.01257411067193676,total_frame=920
temp_fer = 0.20212765957446807, temp_ber = 0.013102433913604127,total_frame=940
temp_fer = 0.203125, temp_ber = 0.013186553030303031,total_frame=960
temp_fer = 0.2010204081632653, temp_ber = 0.013104901051329623,total_frame=980
temp_fer = 0.199, temp_ber = 0.01299810606060606,total_frame=1000
EsN0 = 6.800000011933697, EbN0 = 3.789700043360188, FER = 0.199, BER = 0.01299810606060606


current step run time: 0:09:26.078355
开始仿真普通QAM的性能
ebn0:3.89, esn0:6.90
总码率约为:0.500
Suppose Average Power is: 1
Actual Power is: 1.0000000000000002
EsN0 = 6.900000011933697
temp_fer = 0.1, temp_ber = 0.006723484848484848,total_frame=20
temp_fer = 0.2, temp_ber = 0.012121212121212121,total_frame=40
temp_fer = 0.13333333333333333, temp_ber = 0.00808080808080808,total_frame=60
temp_fer = 0.1125, temp_ber = 0.007291666666666667,total_frame=80
temp_fer = 0.1, temp_ber = 0.005852272727272728,total_frame=100
temp_fer = 0.10833333333333334, temp_ber = 0.006092171717171717,total_frame=120
temp_fer = 0.12142857142857143, temp_ber = 0.006601731601731602,total_frame=140
temp_fer = 0.1375, temp_ber = 0.008652935606060607,total_frame=160
temp_fer = 0.14444444444444443, temp_ber = 0.00946969696969697,total_frame=180
temp_fer = 0.14, temp_ber = 0.009526515151515152,total_frame=200
temp_fer = 0.12727272727272726, temp_ber = 0.008660468319559229,total_frame=220
temp_fer = 0.125, temp_ber = 0.008301767676767676,total_frame=240
temp_fer = 0.13076923076923078, temp_ber = 0.00858100233100233,total_frame=260
temp_fer = 0.1357142857142857, temp_ber = 0.008576839826839827,total_frame=280
temp_fer = 0.13666666666666666, temp_ber = 0.0082260101010101,total_frame=300
temp_fer = 0.13125, temp_ber = 0.007723721590909091,total_frame=320
temp_fer = 0.12352941176470589, temp_ber = 0.007269385026737968,total_frame=340
temp_fer = 0.12222222222222222, temp_ber = 0.007196969696969697,total_frame=360
temp_fer = 0.12631578947368421, temp_ber = 0.007376395534290271,total_frame=380
temp_fer = 0.1225, temp_ber = 0.00724905303030303,total_frame=400
temp_fer = 0.12142857142857143, temp_ber = 0.007147366522366522,total_frame=420
temp_fer = 0.12727272727272726, temp_ber = 0.007730716253443526,total_frame=440
temp_fer = 0.13260869565217392, temp_ber = 0.008267457180500658,total_frame=460
temp_fer = 0.13125, temp_ber = 0.00813604797979798,total_frame=480
temp_fer = 0.134, temp_ber = 0.008443181818181818,total_frame=500
temp_fer = 0.13076923076923078, temp_ber = 0.008176719114219114,total_frame=520
temp_fer = 0.13703703703703704, temp_ber = 0.008582351290684624,total_frame=540
temp_fer = 0.1375, temp_ber = 0.008664772727272728,total_frame=560
temp_fer = 0.13793103448275862, temp_ber = 0.008601097178683386,total_frame=580
temp_fer = 0.14, temp_ber = 0.008734217171717172,total_frame=600
temp_fer = 0.1403225806451613, temp_ber = 0.008718230694037146,total_frame=620
temp_fer = 0.1421875, temp_ber = 0.009087949810606061,total_frame=640
temp_fer = 0.1409090909090909, temp_ber = 0.009022038567493113,total_frame=660
temp_fer = 0.1426470588235294, temp_ber = 0.008990641711229947,total_frame=680
temp_fer = 0.14285714285714285, temp_ber = 0.00895021645021645,total_frame=700
temp_fer = 0.14583333333333334, temp_ber = 0.009177714646464646,total_frame=720
temp_fer = 0.1445945945945946, temp_ber = 0.009136977886977886,total_frame=740
temp_fer = 0.14342105263157895, temp_ber = 0.00908841706539075,total_frame=760
temp_fer = 0.14102564102564102, temp_ber = 0.008942793317793317,total_frame=780
temp_fer = 0.1425, temp_ber = 0.009133522727272728,total_frame=800
temp_fer = 0.14268292682926828, temp_ber = 0.009107076866223208,total_frame=820
temp_fer = 0.1392857142857143, temp_ber = 0.008890241702741703,total_frame=840
temp_fer = 0.14302325581395348, temp_ber = 0.009187808315715293,total_frame=860
temp_fer = 0.14204545454545456, temp_ber = 0.00909090909090909,total_frame=880
temp_fer = 0.14222222222222222, temp_ber = 0.009017255892255892,total_frame=900
temp_fer = 0.14130434782608695, temp_ber = 0.008985918972332016,total_frame=920
temp_fer = 0.1425531914893617, temp_ber = 0.009161428110896196,total_frame=940
temp_fer = 0.14270833333333333, temp_ber = 0.009225063131313131,total_frame=960
temp_fer = 0.14081632653061224, temp_ber = 0.009077380952380953,total_frame=980
temp_fer = 0.14, temp_ber = 0.009041666666666667,total_frame=1000
EsN0 = 6.900000011933697, EbN0 = 3.8897000433601883, FER = 0.14, BER = 0.009041666666666667


current step run time: 0:08:57.152506
run time: 0:28:07.721561
